2025-11-23 16:03:11 - TextFileScanner - INFO - ==================================================
2025-11-23 16:03:11 - TextFileScanner - INFO - Starting Text File Scanner
2025-11-23 16:03:11 - TextFileScanner - INFO - ==================================================
2025-11-23 16:03:11 - TextFileScanner - INFO - ScannerController initialized
2025-11-23 16:03:11 - TextFileScanner - INFO - Testing n8n connection...
2025-11-23 16:03:11 - TextFileScanner - INFO - Testing connection to http://localhost:5678/webhook/text-scanner
2025-11-23 16:03:11 - TextFileScanner - INFO - n8n connection test passed
2025-11-23 16:03:11 - TextFileScanner - INFO - Application ready
2025-11-23 16:03:32 - TextFileScanner - INFO - User selected file: C:/Users/user/Desktop/n8ntest/test.txt
2025-11-23 16:03:32 - TextFileScanner - INFO - File selected: C:/Users/user/Desktop/n8ntest/test.txt
2025-11-23 16:03:32 - TextFileScanner - INFO - Successfully read file: C:/Users/user/Desktop/n8ntest/test.txt
2025-11-23 16:03:32 - TextFileScanner - INFO - Status: File loaded: test.txt
2025-11-23 16:03:36 - TextFileScanner - INFO - Send button clicked
2025-11-23 16:03:36 - TextFileScanner - INFO - Status: Sending to n8n...
2025-11-23 16:03:36 - TextFileScanner - INFO - Sending to n8n: http://localhost:5678/webhook/text-scanner
2025-11-23 16:03:36 - TextFileScanner - ERROR - n8n server returned status 404: {"code":404,"message":"The requested webhook \"POST text-scanner\" is not registered.","hint":"The workflow must be active for a production URL to run successfully. You can activate the workflow using the toggle in the top-right of the editor. Note that unlike test URL calls, production URL calls aren't shown on the canvas (only in the executions list)","stacktrace":"ResponseError: The requested webhook \"POST text-scanner\" is not registered.\n    at LiveWebhooks.findWebhook (C:\\Users\\user\\AppData\\Roaming\\npm\\node_modules\\n8n\\src\\webhooks\\live-webhooks.ts:173:10)\n    at LiveWebhooks.executeWebhook (C:\\Users\\user\\AppData\\Roaming\\npm\\node_modules\\n8n\\src\\webhooks\\live-webhooks.ts:83:19)\n    at WebhookRequestHandler.handleRequest (C:\\Users\\user\\AppData\\Roaming\\npm\\node_modules\\n8n\\src\\webhooks\\webhook-request-handler.ts:66:21)\n    at C:\\Users\\user\\AppData\\Roaming\\npm\\node_modules\\n8n\\src\\webhooks\\webhook-request-handler.ts:257:3"}
2025-11-23 16:03:39 - TextFileScanner - ERROR - Send failed: n8n server returned status 404: {"code":404,"message":"The requested webhook \"POST text-scanner\" is not registered.","hint":"The workflow must be active for a production URL to run successfully. You can activate the workflow using the toggle in the top-right of the editor. Note that unlike test URL calls, production URL calls aren't shown on the canvas (only in the executions list)","stacktrace":"ResponseError: The requested webhook \"POST text-scanner\" is not registered.\n    at LiveWebhooks.findWebhook (C:\\Users\\user\\AppData\\Roaming\\npm\\node_modules\\n8n\\src\\webhooks\\live-webhooks.ts:173:10)\n    at LiveWebhooks.executeWebhook (C:\\Users\\user\\AppData\\Roaming\\npm\\node_modules\\n8n\\src\\webhooks\\live-webhooks.ts:83:19)\n    at WebhookRequestHandler.handleRequest (C:\\Users\\user\\AppData\\Roaming\\npm\\node_modules\\n8n\\src\\webhooks\\webhook-request-handler.ts:66:21)\n    at C:\\Users\\user\\AppData\\Roaming\\npm\\node_modules\\n8n\\src\\webhooks\\webhook-request-handler.ts:257:3"}
2025-11-23 16:04:38 - TextFileScanner - INFO - Send button clicked
2025-11-23 16:04:38 - TextFileScanner - INFO - Status: Sending to n8n...
2025-11-23 16:04:38 - TextFileScanner - INFO - Sending to n8n: http://localhost:5678/webhook/text-scanner
2025-11-23 16:04:38 - TextFileScanner - ERROR - n8n server returned status 404: {"code":404,"message":"The requested webhook \"POST text-scanner\" is not registered.","hint":"The workflow must be active for a production URL to run successfully. You can activate the workflow using the toggle in the top-right of the editor. Note that unlike test URL calls, production URL calls aren't shown on the canvas (only in the executions list)","stacktrace":"ResponseError: The requested webhook \"POST text-scanner\" is not registered.\n    at LiveWebhooks.findWebhook (C:\\Users\\user\\AppData\\Roaming\\npm\\node_modules\\n8n\\src\\webhooks\\live-webhooks.ts:173:10)\n    at LiveWebhooks.executeWebhook (C:\\Users\\user\\AppData\\Roaming\\npm\\node_modules\\n8n\\src\\webhooks\\live-webhooks.ts:83:19)\n    at WebhookRequestHandler.handleRequest (C:\\Users\\user\\AppData\\Roaming\\npm\\node_modules\\n8n\\src\\webhooks\\webhook-request-handler.ts:66:21)\n    at C:\\Users\\user\\AppData\\Roaming\\npm\\node_modules\\n8n\\src\\webhooks\\webhook-request-handler.ts:257:3"}
2025-11-23 16:04:50 - TextFileScanner - ERROR - Send failed: n8n server returned status 404: {"code":404,"message":"The requested webhook \"POST text-scanner\" is not registered.","hint":"The workflow must be active for a production URL to run successfully. You can activate the workflow using the toggle in the top-right of the editor. Note that unlike test URL calls, production URL calls aren't shown on the canvas (only in the executions list)","stacktrace":"ResponseError: The requested webhook \"POST text-scanner\" is not registered.\n    at LiveWebhooks.findWebhook (C:\\Users\\user\\AppData\\Roaming\\npm\\node_modules\\n8n\\src\\webhooks\\live-webhooks.ts:173:10)\n    at LiveWebhooks.executeWebhook (C:\\Users\\user\\AppData\\Roaming\\npm\\node_modules\\n8n\\src\\webhooks\\live-webhooks.ts:83:19)\n    at WebhookRequestHandler.handleRequest (C:\\Users\\user\\AppData\\Roaming\\npm\\node_modules\\n8n\\src\\webhooks\\webhook-request-handler.ts:66:21)\n    at C:\\Users\\user\\AppData\\Roaming\\npm\\node_modules\\n8n\\src\\webhooks\\webhook-request-handler.ts:257:3"}
2025-11-23 16:04:50 - TextFileScanner - INFO - Text File Scanner closed
2025-11-23 16:04:50 - TextFileScanner - INFO - ==================================================
2025-11-23 16:05:46 - TextFileScanner - INFO - ==================================================
2025-11-23 16:05:46 - TextFileScanner - INFO - Starting Text File Scanner
2025-11-23 16:05:46 - TextFileScanner - INFO - ==================================================
2025-11-23 16:05:46 - TextFileScanner - INFO - ScannerController initialized
2025-11-23 16:05:46 - TextFileScanner - INFO - Testing n8n connection...
2025-11-23 16:05:46 - TextFileScanner - INFO - Testing connection to http://localhost:5678/webhook-test/3122f617-07e5-49c1-bcd1-476a935e530f
2025-11-23 16:05:46 - TextFileScanner - INFO - n8n connection test passed
2025-11-23 16:05:46 - TextFileScanner - INFO - Application ready
2025-11-23 16:06:18 - TextFileScanner - INFO - ==================================================
2025-11-23 16:06:18 - TextFileScanner - INFO - Starting Text File Scanner
2025-11-23 16:06:18 - TextFileScanner - INFO - ==================================================
2025-11-23 16:06:18 - TextFileScanner - INFO - ScannerController initialized
2025-11-23 16:06:18 - TextFileScanner - INFO - Testing n8n connection...
2025-11-23 16:06:18 - TextFileScanner - INFO - Testing connection to http://localhost:5678/webhook-test/3122f617-07e5-49c1-bcd1-476a935e530f
2025-11-23 16:06:18 - TextFileScanner - INFO - n8n connection test passed
2025-11-23 16:06:18 - TextFileScanner - INFO - Application ready
2025-11-23 16:06:29 - TextFileScanner - INFO - User selected file: C:/Users/user/Desktop/n8ntest/test.txt
2025-11-23 16:06:29 - TextFileScanner - INFO - File selected: C:/Users/user/Desktop/n8ntest/test.txt
2025-11-23 16:06:29 - TextFileScanner - INFO - Successfully read file: C:/Users/user/Desktop/n8ntest/test.txt
2025-11-23 16:06:29 - TextFileScanner - INFO - Status: File loaded: test.txt
2025-11-23 16:06:35 - TextFileScanner - INFO - Send button clicked
2025-11-23 16:06:35 - TextFileScanner - INFO - Status: Sending to n8n...
2025-11-23 16:06:35 - TextFileScanner - INFO - Sending to n8n: http://localhost:5678/webhook-test/3122f617-07e5-49c1-bcd1-476a935e530f
2025-11-23 16:06:35 - TextFileScanner - ERROR - n8n server returned status 404: {"code":404,"message":"The requested webhook \"3122f617-07e5-49c1-bcd1-476a935e530f\" is not registered.","hint":"Click the 'Execute workflow' button on the canvas, then try again. (In test mode, the webhook only works for one call after you click this button)","stacktrace":"ResponseError: The requested webhook \"3122f617-07e5-49c1-bcd1-476a935e530f\" is not registered.\n    at TestWebhooks.getWebhookMethods (C:\\Users\\user\\AppData\\Roaming\\npm\\node_modules\\n8n\\src\\webhooks\\test-webhooks.ts:232:37)\n    at TestWebhooks.executeWebhook (C:\\Users\\user\\AppData\\Roaming\\npm\\node_modules\\n8n\\src\\webhooks\\test-webhooks.ts:83:22)\n    at WebhookRequestHandler.handleRequest (C:\\Users\\user\\AppData\\Roaming\\npm\\node_modules\\n8n\\src\\webhooks\\webhook-request-handler.ts:66:21)\n    at C:\\Users\\user\\AppData\\Roaming\\npm\\node_modules\\n8n\\src\\webhooks\\webhook-request-handler.ts:257:3"}
2025-11-23 16:06:36 - TextFileScanner - ERROR - Send failed: n8n server returned status 404: {"code":404,"message":"The requested webhook \"3122f617-07e5-49c1-bcd1-476a935e530f\" is not registered.","hint":"Click the 'Execute workflow' button on the canvas, then try again. (In test mode, the webhook only works for one call after you click this button)","stacktrace":"ResponseError: The requested webhook \"3122f617-07e5-49c1-bcd1-476a935e530f\" is not registered.\n    at TestWebhooks.getWebhookMethods (C:\\Users\\user\\AppData\\Roaming\\npm\\node_modules\\n8n\\src\\webhooks\\test-webhooks.ts:232:37)\n    at TestWebhooks.executeWebhook (C:\\Users\\user\\AppData\\Roaming\\npm\\node_modules\\n8n\\src\\webhooks\\test-webhooks.ts:83:22)\n    at WebhookRequestHandler.handleRequest (C:\\Users\\user\\AppData\\Roaming\\npm\\node_modules\\n8n\\src\\webhooks\\webhook-request-handler.ts:66:21)\n    at C:\\Users\\user\\AppData\\Roaming\\npm\\node_modules\\n8n\\src\\webhooks\\webhook-request-handler.ts:257:3"}
2025-11-23 16:10:01 - TextFileScanner - INFO - Text File Scanner closed
2025-11-23 16:10:01 - TextFileScanner - INFO - ==================================================
2025-11-23 16:10:09 - TextFileScanner - INFO - ==================================================
2025-11-23 16:10:09 - TextFileScanner - INFO - Starting Text File Scanner
2025-11-23 16:10:09 - TextFileScanner - INFO - ==================================================
2025-11-23 16:10:09 - TextFileScanner - INFO - ScannerController initialized
2025-11-23 16:10:09 - TextFileScanner - INFO - Testing n8n connection...
2025-11-23 16:10:09 - TextFileScanner - INFO - Testing connection to http://localhost:5678/webhook-test/3122f617-07e5-49c1-bcd1-476a935e530f
2025-11-23 16:10:09 - TextFileScanner - INFO - n8n connection test passed
2025-11-23 16:10:09 - TextFileScanner - INFO - Application ready
2025-11-23 16:10:12 - TextFileScanner - INFO - User selected file: C:/Users/user/Desktop/n8ntest/test.txt
2025-11-23 16:10:12 - TextFileScanner - INFO - File selected: C:/Users/user/Desktop/n8ntest/test.txt
2025-11-23 16:10:12 - TextFileScanner - INFO - Successfully read file: C:/Users/user/Desktop/n8ntest/test.txt
2025-11-23 16:10:12 - TextFileScanner - INFO - Status: File loaded: test.txt
2025-11-23 16:10:16 - TextFileScanner - INFO - Text File Scanner closed
2025-11-23 16:10:16 - TextFileScanner - INFO - ==================================================
2025-11-23 16:10:48 - TextFileScanner - INFO - ==================================================
2025-11-23 16:10:48 - TextFileScanner - INFO - Starting Text File Scanner
2025-11-23 16:10:48 - TextFileScanner - INFO - ==================================================
2025-11-23 16:10:48 - TextFileScanner - INFO - ScannerController initialized
2025-11-23 16:10:48 - TextFileScanner - INFO - Testing n8n connection...
2025-11-23 16:10:48 - TextFileScanner - INFO - Testing connection to http://localhost:5678/webhook/3122f617-07e5-49c1-bcd1-476a935e530f
2025-11-23 16:10:48 - TextFileScanner - INFO - n8n connection test passed
2025-11-23 16:10:48 - TextFileScanner - INFO - Application ready
2025-11-23 16:10:50 - TextFileScanner - INFO - User selected file: C:/Users/user/Desktop/n8ntest/test.txt
2025-11-23 16:10:50 - TextFileScanner - INFO - File selected: C:/Users/user/Desktop/n8ntest/test.txt
2025-11-23 16:10:50 - TextFileScanner - INFO - Successfully read file: C:/Users/user/Desktop/n8ntest/test.txt
2025-11-23 16:10:50 - TextFileScanner - INFO - Status: File loaded: test.txt
2025-11-23 16:10:51 - TextFileScanner - INFO - Send button clicked
2025-11-23 16:10:51 - TextFileScanner - INFO - Status: Sending to n8n...
2025-11-23 16:10:51 - TextFileScanner - INFO - Sending to n8n: http://localhost:5678/webhook/3122f617-07e5-49c1-bcd1-476a935e530f
2025-11-23 16:10:51 - TextFileScanner - ERROR - n8n server returned status 404: {"code":404,"message":"The requested webhook \"POST 3122f617-07e5-49c1-bcd1-476a935e530f\" is not registered.","hint":"The workflow must be active for a production URL to run successfully. You can activate the workflow using the toggle in the top-right of the editor. Note that unlike test URL calls, production URL calls aren't shown on the canvas (only in the executions list)","stacktrace":"ResponseError: The requested webhook \"POST 3122f617-07e5-49c1-bcd1-476a935e530f\" is not registered.\n    at LiveWebhooks.findWebhook (C:\\Users\\user\\AppData\\Roaming\\npm\\node_modules\\n8n\\src\\webhooks\\live-webhooks.ts:173:10)\n    at LiveWebhooks.executeWebhook (C:\\Users\\user\\AppData\\Roaming\\npm\\node_modules\\n8n\\src\\webhooks\\live-webhooks.ts:83:19)\n    at WebhookRequestHandler.handleRequest (C:\\Users\\user\\AppData\\Roaming\\npm\\node_modules\\n8n\\src\\webhooks\\webhook-request-handler.ts:66:21)\n    at C:\\Users\\user\\AppData\\Roaming\\npm\\node_modules\\n8n\\src\\webhooks\\webhook-request-handler.ts:257:3"}
2025-11-23 16:13:14 - TextFileScanner - ERROR - Send failed: n8n server returned status 404: {"code":404,"message":"The requested webhook \"POST 3122f617-07e5-49c1-bcd1-476a935e530f\" is not registered.","hint":"The workflow must be active for a production URL to run successfully. You can activate the workflow using the toggle in the top-right of the editor. Note that unlike test URL calls, production URL calls aren't shown on the canvas (only in the executions list)","stacktrace":"ResponseError: The requested webhook \"POST 3122f617-07e5-49c1-bcd1-476a935e530f\" is not registered.\n    at LiveWebhooks.findWebhook (C:\\Users\\user\\AppData\\Roaming\\npm\\node_modules\\n8n\\src\\webhooks\\live-webhooks.ts:173:10)\n    at LiveWebhooks.executeWebhook (C:\\Users\\user\\AppData\\Roaming\\npm\\node_modules\\n8n\\src\\webhooks\\live-webhooks.ts:83:19)\n    at WebhookRequestHandler.handleRequest (C:\\Users\\user\\AppData\\Roaming\\npm\\node_modules\\n8n\\src\\webhooks\\webhook-request-handler.ts:66:21)\n    at C:\\Users\\user\\AppData\\Roaming\\npm\\node_modules\\n8n\\src\\webhooks\\webhook-request-handler.ts:257:3"}
2025-11-23 16:13:15 - TextFileScanner - INFO - Text File Scanner closed
2025-11-23 16:13:15 - TextFileScanner - INFO - ==================================================
2025-11-23 16:13:20 - TextFileScanner - INFO - ==================================================
2025-11-23 16:13:20 - TextFileScanner - INFO - Starting Text File Scanner
2025-11-23 16:13:20 - TextFileScanner - INFO - ==================================================
2025-11-23 16:13:20 - TextFileScanner - INFO - ScannerController initialized
2025-11-23 16:13:20 - TextFileScanner - INFO - Testing n8n connection...
2025-11-23 16:13:20 - TextFileScanner - INFO - Testing connection to http://localhost:5678/webhook-test/hook1
2025-11-23 16:13:20 - TextFileScanner - INFO - n8n connection test passed
2025-11-23 16:13:20 - TextFileScanner - INFO - Application ready
2025-11-23 16:13:23 - TextFileScanner - INFO - User selected file: C:/Users/user/Desktop/n8ntest/test.txt
2025-11-23 16:13:23 - TextFileScanner - INFO - File selected: C:/Users/user/Desktop/n8ntest/test.txt
2025-11-23 16:13:23 - TextFileScanner - INFO - Successfully read file: C:/Users/user/Desktop/n8ntest/test.txt
2025-11-23 16:13:23 - TextFileScanner - INFO - Status: File loaded: test.txt
2025-11-23 16:13:24 - TextFileScanner - INFO - Send button clicked
2025-11-23 16:13:24 - TextFileScanner - INFO - Status: Sending to n8n...
2025-11-23 16:13:24 - TextFileScanner - INFO - Sending to n8n: http://localhost:5678/webhook-test/hook1
2025-11-23 16:13:24 - TextFileScanner - ERROR - n8n server returned status 404: {"code":404,"message":"The requested webhook \"hook1\" is not registered.","hint":"Click the 'Execute workflow' button on the canvas, then try again. (In test mode, the webhook only works for one call after you click this button)","stacktrace":"ResponseError: The requested webhook \"hook1\" is not registered.\n    at TestWebhooks.getWebhookMethods (C:\\Users\\user\\AppData\\Roaming\\npm\\node_modules\\n8n\\src\\webhooks\\test-webhooks.ts:232:37)\n    at TestWebhooks.executeWebhook (C:\\Users\\user\\AppData\\Roaming\\npm\\node_modules\\n8n\\src\\webhooks\\test-webhooks.ts:83:22)\n    at WebhookRequestHandler.handleRequest (C:\\Users\\user\\AppData\\Roaming\\npm\\node_modules\\n8n\\src\\webhooks\\webhook-request-handler.ts:66:21)\n    at C:\\Users\\user\\AppData\\Roaming\\npm\\node_modules\\n8n\\src\\webhooks\\webhook-request-handler.ts:257:3"}
2025-11-23 16:13:49 - TextFileScanner - INFO - ==================================================
2025-11-23 16:13:49 - TextFileScanner - INFO - Starting Text File Scanner
2025-11-23 16:13:49 - TextFileScanner - INFO - ==================================================
2025-11-23 16:13:49 - TextFileScanner - INFO - ScannerController initialized
2025-11-23 16:13:49 - TextFileScanner - INFO - Testing n8n connection...
2025-11-23 16:13:49 - TextFileScanner - INFO - Testing connection to http://localhost:5678/webhook-test/hook1
2025-11-23 16:13:49 - TextFileScanner - INFO - n8n connection test passed
2025-11-23 16:13:49 - TextFileScanner - INFO - Application ready
2025-11-23 16:13:53 - TextFileScanner - INFO - Send button clicked
2025-11-23 16:14:01 - TextFileScanner - INFO - User selected file: C:/Users/user/Desktop/n8ntest/test.txt
2025-11-23 16:14:01 - TextFileScanner - INFO - File selected: C:/Users/user/Desktop/n8ntest/test.txt
2025-11-23 16:14:01 - TextFileScanner - INFO - Successfully read file: C:/Users/user/Desktop/n8ntest/test.txt
2025-11-23 16:14:01 - TextFileScanner - INFO - Status: File loaded: test.txt
2025-11-23 16:14:02 - TextFileScanner - INFO - Send button clicked
2025-11-23 16:14:02 - TextFileScanner - INFO - Status: Sending to n8n...
2025-11-23 16:14:02 - TextFileScanner - INFO - Sending to n8n: http://localhost:5678/webhook-test/hook1
2025-11-23 16:14:02 - TextFileScanner - ERROR - n8n server returned status 404: {"code":404,"message":"The requested webhook \"hook1\" is not registered.","hint":"Click the 'Execute workflow' button on the canvas, then try again. (In test mode, the webhook only works for one call after you click this button)","stacktrace":"ResponseError: The requested webhook \"hook1\" is not registered.\n    at TestWebhooks.getWebhookMethods (C:\\Users\\user\\AppData\\Roaming\\npm\\node_modules\\n8n\\src\\webhooks\\test-webhooks.ts:232:37)\n    at TestWebhooks.executeWebhook (C:\\Users\\user\\AppData\\Roaming\\npm\\node_modules\\n8n\\src\\webhooks\\test-webhooks.ts:83:22)\n    at WebhookRequestHandler.handleRequest (C:\\Users\\user\\AppData\\Roaming\\npm\\node_modules\\n8n\\src\\webhooks\\webhook-request-handler.ts:66:21)\n    at C:\\Users\\user\\AppData\\Roaming\\npm\\node_modules\\n8n\\src\\webhooks\\webhook-request-handler.ts:257:3"}
2025-11-23 16:14:05 - TextFileScanner - ERROR - Send failed: n8n server returned status 404: {"code":404,"message":"The requested webhook \"hook1\" is not registered.","hint":"Click the 'Execute workflow' button on the canvas, then try again. (In test mode, the webhook only works for one call after you click this button)","stacktrace":"ResponseError: The requested webhook \"hook1\" is not registered.\n    at TestWebhooks.getWebhookMethods (C:\\Users\\user\\AppData\\Roaming\\npm\\node_modules\\n8n\\src\\webhooks\\test-webhooks.ts:232:37)\n    at TestWebhooks.executeWebhook (C:\\Users\\user\\AppData\\Roaming\\npm\\node_modules\\n8n\\src\\webhooks\\test-webhooks.ts:83:22)\n    at WebhookRequestHandler.handleRequest (C:\\Users\\user\\AppData\\Roaming\\npm\\node_modules\\n8n\\src\\webhooks\\webhook-request-handler.ts:66:21)\n    at C:\\Users\\user\\AppData\\Roaming\\npm\\node_modules\\n8n\\src\\webhooks\\webhook-request-handler.ts:257:3"}
2025-11-23 16:14:41 - TextFileScanner - INFO - ==================================================
2025-11-23 16:14:41 - TextFileScanner - INFO - Starting Text File Scanner
2025-11-23 16:14:41 - TextFileScanner - INFO - ==================================================
2025-11-23 16:14:41 - TextFileScanner - INFO - ScannerController initialized
2025-11-23 16:14:41 - TextFileScanner - INFO - Testing n8n connection...
2025-11-23 16:14:41 - TextFileScanner - INFO - Testing connection to http://localhost:5678/webhook-test/hook1
2025-11-23 16:14:41 - TextFileScanner - INFO - n8n connection test passed
2025-11-23 16:14:41 - TextFileScanner - INFO - Application ready
2025-11-23 16:14:43 - TextFileScanner - INFO - User selected file: C:/Users/user/Desktop/n8ntest/test.txt
2025-11-23 16:14:43 - TextFileScanner - INFO - File selected: C:/Users/user/Desktop/n8ntest/test.txt
2025-11-23 16:14:43 - TextFileScanner - INFO - Successfully read file: C:/Users/user/Desktop/n8ntest/test.txt
2025-11-23 16:14:43 - TextFileScanner - INFO - Status: File loaded: test.txt
2025-11-23 16:14:45 - TextFileScanner - INFO - Send button clicked
2025-11-23 16:14:45 - TextFileScanner - INFO - Status: Sending to n8n...
2025-11-23 16:14:45 - TextFileScanner - INFO - Sending to n8n: http://localhost:5678/webhook-test/hook1
2025-11-23 16:14:45 - TextFileScanner - ERROR - n8n server returned status 404: {"code":404,"message":"The requested webhook \"hook1\" is not registered.","hint":"Click the 'Execute workflow' button on the canvas, then try again. (In test mode, the webhook only works for one call after you click this button)","stacktrace":"ResponseError: The requested webhook \"hook1\" is not registered.\n    at TestWebhooks.getWebhookMethods (C:\\Users\\user\\AppData\\Roaming\\npm\\node_modules\\n8n\\src\\webhooks\\test-webhooks.ts:232:37)\n    at TestWebhooks.executeWebhook (C:\\Users\\user\\AppData\\Roaming\\npm\\node_modules\\n8n\\src\\webhooks\\test-webhooks.ts:83:22)\n    at WebhookRequestHandler.handleRequest (C:\\Users\\user\\AppData\\Roaming\\npm\\node_modules\\n8n\\src\\webhooks\\webhook-request-handler.ts:66:21)\n    at C:\\Users\\user\\AppData\\Roaming\\npm\\node_modules\\n8n\\src\\webhooks\\webhook-request-handler.ts:257:3"}
2025-11-23 16:19:08 - TextFileScanner - INFO - ==================================================
2025-11-23 16:19:08 - TextFileScanner - INFO - Starting Text File Scanner
2025-11-23 16:19:08 - TextFileScanner - INFO - ==================================================
2025-11-23 16:19:08 - TextFileScanner - INFO - ScannerController initialized
2025-11-23 16:19:08 - TextFileScanner - INFO - Testing n8n connection...
2025-11-23 16:19:08 - TextFileScanner - INFO - Testing connection to http://localhost:5678/webhook-test/hook1
2025-11-23 16:19:08 - TextFileScanner - INFO - n8n connection test passed
2025-11-23 16:19:08 - TextFileScanner - INFO - Application ready
2025-11-23 16:19:18 - TextFileScanner - INFO - Send button clicked
2025-11-23 16:19:22 - TextFileScanner - INFO - User selected file: C:/Users/user/Desktop/n8ntest/test.txt
2025-11-23 16:19:22 - TextFileScanner - INFO - File selected: C:/Users/user/Desktop/n8ntest/test.txt
2025-11-23 16:19:22 - TextFileScanner - INFO - Successfully read file: C:/Users/user/Desktop/n8ntest/test.txt
2025-11-23 16:19:22 - TextFileScanner - INFO - Status: File loaded: test.txt
2025-11-23 16:19:25 - TextFileScanner - INFO - Send button clicked
2025-11-23 16:19:25 - TextFileScanner - INFO - Status: Sending to n8n...
2025-11-23 16:19:25 - TextFileScanner - INFO - Sending to n8n: http://localhost:5678/webhook-test/hook1
2025-11-23 16:19:25 - TextFileScanner - INFO - Successfully sent to n8n (Status: 200)
2025-11-23 16:19:28 - TextFileScanner - INFO - Status: Ready
2025-11-23 16:19:28 - TextFileScanner - INFO - File successfully sent to n8n
2025-11-23 16:20:11 - TextFileScanner - INFO - User selected file: C:/Users/user/Desktop/n8ntest/test.txt
2025-11-23 16:20:11 - TextFileScanner - INFO - File selected: C:/Users/user/Desktop/n8ntest/test.txt
2025-11-23 16:20:11 - TextFileScanner - INFO - Successfully read file: C:/Users/user/Desktop/n8ntest/test.txt
2025-11-23 16:20:11 - TextFileScanner - INFO - Status: File loaded: test.txt
2025-11-23 16:20:12 - TextFileScanner - INFO - Send button clicked
2025-11-23 16:20:12 - TextFileScanner - INFO - Status: Sending to n8n...
2025-11-23 16:20:12 - TextFileScanner - INFO - Sending to n8n: http://localhost:5678/webhook-test/hook1
2025-11-23 16:20:12 - TextFileScanner - ERROR - n8n server returned status 404: {"code":404,"message":"The requested webhook \"hook1\" is not registered.","hint":"Click the 'Execute workflow' button on the canvas, then try again. (In test mode, the webhook only works for one call after you click this button)","stacktrace":"ResponseError: The requested webhook \"hook1\" is not registered.\n    at TestWebhooks.getWebhookMethods (C:\\Users\\user\\AppData\\Roaming\\npm\\node_modules\\n8n\\src\\webhooks\\test-webhooks.ts:232:37)\n    at TestWebhooks.executeWebhook (C:\\Users\\user\\AppData\\Roaming\\npm\\node_modules\\n8n\\src\\webhooks\\test-webhooks.ts:83:22)\n    at WebhookRequestHandler.handleRequest (C:\\Users\\user\\AppData\\Roaming\\npm\\node_modules\\n8n\\src\\webhooks\\webhook-request-handler.ts:66:21)\n    at C:\\Users\\user\\AppData\\Roaming\\npm\\node_modules\\n8n\\src\\webhooks\\webhook-request-handler.ts:257:3"}
2025-11-23 16:20:59 - TextFileScanner - ERROR - Send failed: n8n server returned status 404: {"code":404,"message":"The requested webhook \"hook1\" is not registered.","hint":"Click the 'Execute workflow' button on the canvas, then try again. (In test mode, the webhook only works for one call after you click this button)","stacktrace":"ResponseError: The requested webhook \"hook1\" is not registered.\n    at TestWebhooks.getWebhookMethods (C:\\Users\\user\\AppData\\Roaming\\npm\\node_modules\\n8n\\src\\webhooks\\test-webhooks.ts:232:37)\n    at TestWebhooks.executeWebhook (C:\\Users\\user\\AppData\\Roaming\\npm\\node_modules\\n8n\\src\\webhooks\\test-webhooks.ts:83:22)\n    at WebhookRequestHandler.handleRequest (C:\\Users\\user\\AppData\\Roaming\\npm\\node_modules\\n8n\\src\\webhooks\\webhook-request-handler.ts:66:21)\n    at C:\\Users\\user\\AppData\\Roaming\\npm\\node_modules\\n8n\\src\\webhooks\\webhook-request-handler.ts:257:3"}
2025-11-23 16:21:03 - TextFileScanner - INFO - Send button clicked
2025-11-23 16:21:03 - TextFileScanner - INFO - Status: Sending to n8n...
2025-11-23 16:21:03 - TextFileScanner - INFO - Sending to n8n: http://localhost:5678/webhook-test/hook1
2025-11-23 16:21:03 - TextFileScanner - ERROR - n8n server returned status 404: {"code":404,"message":"The requested webhook \"hook1\" is not registered.","hint":"Click the 'Execute workflow' button on the canvas, then try again. (In test mode, the webhook only works for one call after you click this button)","stacktrace":"ResponseError: The requested webhook \"hook1\" is not registered.\n    at TestWebhooks.getWebhookMethods (C:\\Users\\user\\AppData\\Roaming\\npm\\node_modules\\n8n\\src\\webhooks\\test-webhooks.ts:232:37)\n    at TestWebhooks.executeWebhook (C:\\Users\\user\\AppData\\Roaming\\npm\\node_modules\\n8n\\src\\webhooks\\test-webhooks.ts:83:22)\n    at WebhookRequestHandler.handleRequest (C:\\Users\\user\\AppData\\Roaming\\npm\\node_modules\\n8n\\src\\webhooks\\webhook-request-handler.ts:66:21)\n    at C:\\Users\\user\\AppData\\Roaming\\npm\\node_modules\\n8n\\src\\webhooks\\webhook-request-handler.ts:257:3"}
2025-11-23 16:21:04 - TextFileScanner - ERROR - Send failed: n8n server returned status 404: {"code":404,"message":"The requested webhook \"hook1\" is not registered.","hint":"Click the 'Execute workflow' button on the canvas, then try again. (In test mode, the webhook only works for one call after you click this button)","stacktrace":"ResponseError: The requested webhook \"hook1\" is not registered.\n    at TestWebhooks.getWebhookMethods (C:\\Users\\user\\AppData\\Roaming\\npm\\node_modules\\n8n\\src\\webhooks\\test-webhooks.ts:232:37)\n    at TestWebhooks.executeWebhook (C:\\Users\\user\\AppData\\Roaming\\npm\\node_modules\\n8n\\src\\webhooks\\test-webhooks.ts:83:22)\n    at WebhookRequestHandler.handleRequest (C:\\Users\\user\\AppData\\Roaming\\npm\\node_modules\\n8n\\src\\webhooks\\webhook-request-handler.ts:66:21)\n    at C:\\Users\\user\\AppData\\Roaming\\npm\\node_modules\\n8n\\src\\webhooks\\webhook-request-handler.ts:257:3"}
2025-11-23 16:21:11 - TextFileScanner - INFO - Send button clicked
2025-11-23 16:21:11 - TextFileScanner - INFO - Status: Sending to n8n...
2025-11-23 16:21:11 - TextFileScanner - INFO - Sending to n8n: http://localhost:5678/webhook-test/hook1
2025-11-23 16:21:11 - TextFileScanner - INFO - Successfully sent to n8n (Status: 200)
2025-11-23 16:21:13 - TextFileScanner - INFO - Status: Ready
2025-11-23 16:21:13 - TextFileScanner - INFO - File successfully sent to n8n
2025-11-23 16:21:15 - TextFileScanner - INFO - User selected file: C:/Users/user/Desktop/n8ntest/test.txt
2025-11-23 16:21:15 - TextFileScanner - INFO - File selected: C:/Users/user/Desktop/n8ntest/test.txt
2025-11-23 16:21:15 - TextFileScanner - INFO - Successfully read file: C:/Users/user/Desktop/n8ntest/test.txt
2025-11-23 16:21:15 - TextFileScanner - INFO - Status: File loaded: test.txt
2025-11-23 16:21:19 - TextFileScanner - INFO - Send button clicked
2025-11-23 16:21:19 - TextFileScanner - INFO - Status: Sending to n8n...
2025-11-23 16:21:19 - TextFileScanner - INFO - Sending to n8n: http://localhost:5678/webhook-test/hook1
2025-11-23 16:21:19 - TextFileScanner - INFO - Successfully sent to n8n (Status: 200)
2025-11-23 16:21:20 - TextFileScanner - INFO - Status: Ready
2025-11-23 16:21:20 - TextFileScanner - INFO - File successfully sent to n8n
2025-11-23 16:22:08 - TextFileScanner - INFO - Send button clicked
2025-11-23 16:22:08 - TextFileScanner - INFO - Status: Sending to n8n...
2025-11-23 16:22:08 - TextFileScanner - INFO - Sending to n8n: http://localhost:5678/webhook-test/hook1
2025-11-23 16:22:08 - TextFileScanner - ERROR - n8n server returned status 404: {"code":404,"message":"This webhook is not registered for POST requests. Did you mean to make a GET request?","stacktrace":"ResponseError: This webhook is not registered for POST requests. Did you mean to make a GET request?\n    at TestWebhooks.executeWebhook (C:\\Users\\user\\AppData\\Roaming\\npm\\node_modules\\n8n\\src\\webhooks\\test-webhooks.ts:80:11)\n    at WebhookRequestHandler.handleRequest (C:\\Users\\user\\AppData\\Roaming\\npm\\node_modules\\n8n\\src\\webhooks\\webhook-request-handler.ts:66:21)\n    at C:\\Users\\user\\AppData\\Roaming\\npm\\node_modules\\n8n\\src\\webhooks\\webhook-request-handler.ts:257:3"}
2025-11-23 16:22:09 - TextFileScanner - ERROR - Send failed: n8n server returned status 404: {"code":404,"message":"This webhook is not registered for POST requests. Did you mean to make a GET request?","stacktrace":"ResponseError: This webhook is not registered for POST requests. Did you mean to make a GET request?\n    at TestWebhooks.executeWebhook (C:\\Users\\user\\AppData\\Roaming\\npm\\node_modules\\n8n\\src\\webhooks\\test-webhooks.ts:80:11)\n    at WebhookRequestHandler.handleRequest (C:\\Users\\user\\AppData\\Roaming\\npm\\node_modules\\n8n\\src\\webhooks\\webhook-request-handler.ts:66:21)\n    at C:\\Users\\user\\AppData\\Roaming\\npm\\node_modules\\n8n\\src\\webhooks\\webhook-request-handler.ts:257:3"}
2025-11-23 16:22:18 - TextFileScanner - INFO - Send button clicked
2025-11-23 16:22:18 - TextFileScanner - INFO - Status: Sending to n8n...
2025-11-23 16:22:18 - TextFileScanner - INFO - Sending to n8n: http://localhost:5678/webhook-test/hook1
2025-11-23 16:22:18 - TextFileScanner - INFO - Successfully sent to n8n (Status: 200)
2025-11-23 16:22:20 - TextFileScanner - INFO - Status: Ready
2025-11-23 16:22:20 - TextFileScanner - INFO - File successfully sent to n8n
2025-11-23 16:26:01 - TextFileScanner - INFO - Send button clicked
2025-11-23 16:26:01 - TextFileScanner - INFO - Status: Sending to n8n...
2025-11-23 16:26:01 - TextFileScanner - INFO - Sending to n8n: http://localhost:5678/webhook-test/hook1
2025-11-23 16:26:01 - TextFileScanner - INFO - Successfully sent to n8n (Status: 200)
2025-11-23 16:26:02 - TextFileScanner - INFO - Status: Ready
2025-11-23 16:26:02 - TextFileScanner - INFO - File successfully sent to n8n
2025-11-23 20:19:45 - TextFileScanner - INFO - Text File Scanner closed
2025-11-23 20:19:50 - TextFileScanner - INFO - ==================================================
2025-11-23 20:19:50 - TextFileScanner - INFO - Starting Text File Scanner - Extended
2025-11-23 20:19:50 - TextFileScanner - INFO - ==================================================
2025-11-23 20:19:50 - TextFileScanner - INFO - ScannerController initialized
2025-11-23 20:19:50 - TextFileScanner - INFO - Testing n8n connection...
2025-11-23 20:19:50 - TextFileScanner - INFO - Testing connection to http://localhost:5678/webhook/hook1
2025-11-23 20:19:50 - TextFileScanner - INFO - n8n connection test passed
2025-11-23 20:19:50 - TextFileScanner - INFO - Application ready
2025-11-23 20:19:53 - TextFileScanner - INFO - User selected file: C:/Users/user/Desktop/n8ntest/test.txt
2025-11-23 20:19:53 - TextFileScanner - INFO - File selected: C:/Users/user/Desktop/n8ntest/test.txt
2025-11-23 20:19:53 - TextFileScanner - INFO - Successfully read file: C:/Users/user/Desktop/n8ntest/test.txt (.txt)
2025-11-23 20:19:53 - TextFileScanner - INFO - Status: File loaded: test.txt
2025-11-23 20:19:55 - TextFileScanner - INFO - Send button clicked
2025-11-23 20:19:55 - TextFileScanner - INFO - Status: Sending to n8n...
2025-11-23 20:19:55 - TextFileScanner - INFO - Sending to n8n: http://localhost:5678/webhook/hook1
2025-11-23 20:19:55 - TextFileScanner - ERROR - n8n server returned status 404: {"code":404,"message":"The requested webhook \"POST hook1\" is not registered.","hint":"The workflow must be active for a production URL to run successfully. You can activate the workflow using the toggle in the top-right of the editor. Note that unlike test URL calls, production URL calls aren't shown on the canvas (only in the executions list)","stacktrace":"ResponseError: The requested webhook \"POST hook1\" is not registered.\n    at LiveWebhooks.findWebhook (C:\\Users\\user\\AppData\\Roaming\\npm\\node_modules\\n8n\\src\\webhooks\\live-webhooks.ts:173:10)\n    at LiveWebhooks.executeWebhook (C:\\Users\\user\\AppData\\Roaming\\npm\\node_modules\\n8n\\src\\webhooks\\live-webhooks.ts:83:19)\n    at WebhookRequestHandler.handleRequest (C:\\Users\\user\\AppData\\Roaming\\npm\\node_modules\\n8n\\src\\webhooks\\webhook-request-handler.ts:66:21)\n    at C:\\Users\\user\\AppData\\Roaming\\npm\\node_modules\\n8n\\src\\webhooks\\webhook-request-handler.ts:257:3"}
2025-11-23 20:19:55 - TextFileScanner - INFO - Status: [ERROR] Failed to send to n8n:
n8n server returned status 404: {"code":404,"message":"The requested webhook \"POST hook1\" is not registered.","hint":"The workflow must be active for a production URL to run successfully. You can activate the workflow using the toggle in the top-right of the editor. Note that unlike test URL calls, production URL calls aren't shown on the canvas (only in the executions list)","stacktrace":"ResponseError: The requested webhook \"POST hook1\" is not registered.\n    at LiveWebhooks.findWebhook (C:\\Users\\user\\AppData\\Roaming\\npm\\node_modules\\n8n\\src\\webhooks\\live-webhooks.ts:173:10)\n    at LiveWebhooks.executeWebhook (C:\\Users\\user\\AppData\\Roaming\\npm\\node_modules\\n8n\\src\\webhooks\\live-webhooks.ts:83:19)\n    at WebhookRequestHandler.handleRequest (C:\\Users\\user\\AppData\\Roaming\\npm\\node_modules\\n8n\\src\\webhooks\\webhook-request-handler.ts:66:21)\n    at C:\\Users\\user\\AppData\\Roaming\\npm\\node_modules\\n8n\\src\\webhooks\\webhook-request-handler.ts:257:3"}
2025-11-23 20:19:56 - TextFileScanner - ERROR - Send failed: n8n server returned status 404: {"code":404,"message":"The requested webhook \"POST hook1\" is not registered.","hint":"The workflow must be active for a production URL to run successfully. You can activate the workflow using the toggle in the top-right of the editor. Note that unlike test URL calls, production URL calls aren't shown on the canvas (only in the executions list)","stacktrace":"ResponseError: The requested webhook \"POST hook1\" is not registered.\n    at LiveWebhooks.findWebhook (C:\\Users\\user\\AppData\\Roaming\\npm\\node_modules\\n8n\\src\\webhooks\\live-webhooks.ts:173:10)\n    at LiveWebhooks.executeWebhook (C:\\Users\\user\\AppData\\Roaming\\npm\\node_modules\\n8n\\src\\webhooks\\live-webhooks.ts:83:19)\n    at WebhookRequestHandler.handleRequest (C:\\Users\\user\\AppData\\Roaming\\npm\\node_modules\\n8n\\src\\webhooks\\webhook-request-handler.ts:66:21)\n    at C:\\Users\\user\\AppData\\Roaming\\npm\\node_modules\\n8n\\src\\webhooks\\webhook-request-handler.ts:257:3"}
2025-11-23 20:20:09 - TextFileScanner - INFO - Send button clicked
2025-11-23 20:20:09 - TextFileScanner - INFO - Status: Sending to n8n...
2025-11-23 20:20:09 - TextFileScanner - INFO - Sending to n8n: http://localhost:5678/webhook/hook1
2025-11-23 20:20:09 - TextFileScanner - ERROR - n8n server returned status 404: {"code":404,"message":"The requested webhook \"POST hook1\" is not registered.","hint":"The workflow must be active for a production URL to run successfully. You can activate the workflow using the toggle in the top-right of the editor. Note that unlike test URL calls, production URL calls aren't shown on the canvas (only in the executions list)","stacktrace":"ResponseError: The requested webhook \"POST hook1\" is not registered.\n    at LiveWebhooks.findWebhook (C:\\Users\\user\\AppData\\Roaming\\npm\\node_modules\\n8n\\src\\webhooks\\live-webhooks.ts:173:10)\n    at LiveWebhooks.executeWebhook (C:\\Users\\user\\AppData\\Roaming\\npm\\node_modules\\n8n\\src\\webhooks\\live-webhooks.ts:83:19)\n    at WebhookRequestHandler.handleRequest (C:\\Users\\user\\AppData\\Roaming\\npm\\node_modules\\n8n\\src\\webhooks\\webhook-request-handler.ts:66:21)\n    at C:\\Users\\user\\AppData\\Roaming\\npm\\node_modules\\n8n\\src\\webhooks\\webhook-request-handler.ts:257:3"}
2025-11-23 20:20:09 - TextFileScanner - INFO - Status: [ERROR] Failed to send to n8n:
n8n server returned status 404: {"code":404,"message":"The requested webhook \"POST hook1\" is not registered.","hint":"The workflow must be active for a production URL to run successfully. You can activate the workflow using the toggle in the top-right of the editor. Note that unlike test URL calls, production URL calls aren't shown on the canvas (only in the executions list)","stacktrace":"ResponseError: The requested webhook \"POST hook1\" is not registered.\n    at LiveWebhooks.findWebhook (C:\\Users\\user\\AppData\\Roaming\\npm\\node_modules\\n8n\\src\\webhooks\\live-webhooks.ts:173:10)\n    at LiveWebhooks.executeWebhook (C:\\Users\\user\\AppData\\Roaming\\npm\\node_modules\\n8n\\src\\webhooks\\live-webhooks.ts:83:19)\n    at WebhookRequestHandler.handleRequest (C:\\Users\\user\\AppData\\Roaming\\npm\\node_modules\\n8n\\src\\webhooks\\webhook-request-handler.ts:66:21)\n    at C:\\Users\\user\\AppData\\Roaming\\npm\\node_modules\\n8n\\src\\webhooks\\webhook-request-handler.ts:257:3"}
2025-11-23 20:20:11 - TextFileScanner - ERROR - Send failed: n8n server returned status 404: {"code":404,"message":"The requested webhook \"POST hook1\" is not registered.","hint":"The workflow must be active for a production URL to run successfully. You can activate the workflow using the toggle in the top-right of the editor. Note that unlike test URL calls, production URL calls aren't shown on the canvas (only in the executions list)","stacktrace":"ResponseError: The requested webhook \"POST hook1\" is not registered.\n    at LiveWebhooks.findWebhook (C:\\Users\\user\\AppData\\Roaming\\npm\\node_modules\\n8n\\src\\webhooks\\live-webhooks.ts:173:10)\n    at LiveWebhooks.executeWebhook (C:\\Users\\user\\AppData\\Roaming\\npm\\node_modules\\n8n\\src\\webhooks\\live-webhooks.ts:83:19)\n    at WebhookRequestHandler.handleRequest (C:\\Users\\user\\AppData\\Roaming\\npm\\node_modules\\n8n\\src\\webhooks\\webhook-request-handler.ts:66:21)\n    at C:\\Users\\user\\AppData\\Roaming\\npm\\node_modules\\n8n\\src\\webhooks\\webhook-request-handler.ts:257:3"}
2025-11-23 20:20:23 - TextFileScanner - INFO - Send button clicked
2025-11-23 20:20:23 - TextFileScanner - INFO - Status: Sending to n8n...
2025-11-23 20:20:23 - TextFileScanner - INFO - Sending to n8n: http://localhost:5678/webhook/hook1
2025-11-23 20:20:23 - TextFileScanner - ERROR - n8n server returned status 404: {"code":404,"message":"The requested webhook \"POST hook1\" is not registered.","hint":"The workflow must be active for a production URL to run successfully. You can activate the workflow using the toggle in the top-right of the editor. Note that unlike test URL calls, production URL calls aren't shown on the canvas (only in the executions list)","stacktrace":"ResponseError: The requested webhook \"POST hook1\" is not registered.\n    at LiveWebhooks.findWebhook (C:\\Users\\user\\AppData\\Roaming\\npm\\node_modules\\n8n\\src\\webhooks\\live-webhooks.ts:173:10)\n    at LiveWebhooks.executeWebhook (C:\\Users\\user\\AppData\\Roaming\\npm\\node_modules\\n8n\\src\\webhooks\\live-webhooks.ts:83:19)\n    at WebhookRequestHandler.handleRequest (C:\\Users\\user\\AppData\\Roaming\\npm\\node_modules\\n8n\\src\\webhooks\\webhook-request-handler.ts:66:21)\n    at C:\\Users\\user\\AppData\\Roaming\\npm\\node_modules\\n8n\\src\\webhooks\\webhook-request-handler.ts:257:3"}
2025-11-23 20:20:23 - TextFileScanner - INFO - Status: [ERROR] Failed to send to n8n:
n8n server returned status 404: {"code":404,"message":"The requested webhook \"POST hook1\" is not registered.","hint":"The workflow must be active for a production URL to run successfully. You can activate the workflow using the toggle in the top-right of the editor. Note that unlike test URL calls, production URL calls aren't shown on the canvas (only in the executions list)","stacktrace":"ResponseError: The requested webhook \"POST hook1\" is not registered.\n    at LiveWebhooks.findWebhook (C:\\Users\\user\\AppData\\Roaming\\npm\\node_modules\\n8n\\src\\webhooks\\live-webhooks.ts:173:10)\n    at LiveWebhooks.executeWebhook (C:\\Users\\user\\AppData\\Roaming\\npm\\node_modules\\n8n\\src\\webhooks\\live-webhooks.ts:83:19)\n    at WebhookRequestHandler.handleRequest (C:\\Users\\user\\AppData\\Roaming\\npm\\node_modules\\n8n\\src\\webhooks\\webhook-request-handler.ts:66:21)\n    at C:\\Users\\user\\AppData\\Roaming\\npm\\node_modules\\n8n\\src\\webhooks\\webhook-request-handler.ts:257:3"}
2025-11-23 20:20:25 - TextFileScanner - ERROR - Send failed: n8n server returned status 404: {"code":404,"message":"The requested webhook \"POST hook1\" is not registered.","hint":"The workflow must be active for a production URL to run successfully. You can activate the workflow using the toggle in the top-right of the editor. Note that unlike test URL calls, production URL calls aren't shown on the canvas (only in the executions list)","stacktrace":"ResponseError: The requested webhook \"POST hook1\" is not registered.\n    at LiveWebhooks.findWebhook (C:\\Users\\user\\AppData\\Roaming\\npm\\node_modules\\n8n\\src\\webhooks\\live-webhooks.ts:173:10)\n    at LiveWebhooks.executeWebhook (C:\\Users\\user\\AppData\\Roaming\\npm\\node_modules\\n8n\\src\\webhooks\\live-webhooks.ts:83:19)\n    at WebhookRequestHandler.handleRequest (C:\\Users\\user\\AppData\\Roaming\\npm\\node_modules\\n8n\\src\\webhooks\\webhook-request-handler.ts:66:21)\n    at C:\\Users\\user\\AppData\\Roaming\\npm\\node_modules\\n8n\\src\\webhooks\\webhook-request-handler.ts:257:3"}
2025-11-23 20:20:55 - TextFileScanner - INFO - Send button clicked
2025-11-23 20:20:55 - TextFileScanner - INFO - Status: Sending to n8n...
2025-11-23 20:20:55 - TextFileScanner - INFO - Sending to n8n: http://localhost:5678/webhook/hook1
2025-11-23 20:20:55 - TextFileScanner - ERROR - n8n server returned status 404: {"code":404,"message":"The requested webhook \"POST hook1\" is not registered.","hint":"The workflow must be active for a production URL to run successfully. You can activate the workflow using the toggle in the top-right of the editor. Note that unlike test URL calls, production URL calls aren't shown on the canvas (only in the executions list)","stacktrace":"ResponseError: The requested webhook \"POST hook1\" is not registered.\n    at LiveWebhooks.findWebhook (C:\\Users\\user\\AppData\\Roaming\\npm\\node_modules\\n8n\\src\\webhooks\\live-webhooks.ts:173:10)\n    at LiveWebhooks.executeWebhook (C:\\Users\\user\\AppData\\Roaming\\npm\\node_modules\\n8n\\src\\webhooks\\live-webhooks.ts:83:19)\n    at WebhookRequestHandler.handleRequest (C:\\Users\\user\\AppData\\Roaming\\npm\\node_modules\\n8n\\src\\webhooks\\webhook-request-handler.ts:66:21)\n    at C:\\Users\\user\\AppData\\Roaming\\npm\\node_modules\\n8n\\src\\webhooks\\webhook-request-handler.ts:257:3"}
2025-11-23 20:20:55 - TextFileScanner - INFO - Status: [ERROR] Failed to send to n8n:
n8n server returned status 404: {"code":404,"message":"The requested webhook \"POST hook1\" is not registered.","hint":"The workflow must be active for a production URL to run successfully. You can activate the workflow using the toggle in the top-right of the editor. Note that unlike test URL calls, production URL calls aren't shown on the canvas (only in the executions list)","stacktrace":"ResponseError: The requested webhook \"POST hook1\" is not registered.\n    at LiveWebhooks.findWebhook (C:\\Users\\user\\AppData\\Roaming\\npm\\node_modules\\n8n\\src\\webhooks\\live-webhooks.ts:173:10)\n    at LiveWebhooks.executeWebhook (C:\\Users\\user\\AppData\\Roaming\\npm\\node_modules\\n8n\\src\\webhooks\\live-webhooks.ts:83:19)\n    at WebhookRequestHandler.handleRequest (C:\\Users\\user\\AppData\\Roaming\\npm\\node_modules\\n8n\\src\\webhooks\\webhook-request-handler.ts:66:21)\n    at C:\\Users\\user\\AppData\\Roaming\\npm\\node_modules\\n8n\\src\\webhooks\\webhook-request-handler.ts:257:3"}
2025-11-23 20:20:56 - TextFileScanner - ERROR - Send failed: n8n server returned status 404: {"code":404,"message":"The requested webhook \"POST hook1\" is not registered.","hint":"The workflow must be active for a production URL to run successfully. You can activate the workflow using the toggle in the top-right of the editor. Note that unlike test URL calls, production URL calls aren't shown on the canvas (only in the executions list)","stacktrace":"ResponseError: The requested webhook \"POST hook1\" is not registered.\n    at LiveWebhooks.findWebhook (C:\\Users\\user\\AppData\\Roaming\\npm\\node_modules\\n8n\\src\\webhooks\\live-webhooks.ts:173:10)\n    at LiveWebhooks.executeWebhook (C:\\Users\\user\\AppData\\Roaming\\npm\\node_modules\\n8n\\src\\webhooks\\live-webhooks.ts:83:19)\n    at WebhookRequestHandler.handleRequest (C:\\Users\\user\\AppData\\Roaming\\npm\\node_modules\\n8n\\src\\webhooks\\webhook-request-handler.ts:66:21)\n    at C:\\Users\\user\\AppData\\Roaming\\npm\\node_modules\\n8n\\src\\webhooks\\webhook-request-handler.ts:257:3"}
2025-11-23 20:21:52 - TextFileScanner - INFO - Send button clicked
2025-11-23 20:21:52 - TextFileScanner - INFO - Status: Sending to n8n...
2025-11-23 20:21:52 - TextFileScanner - INFO - Sending to n8n: http://localhost:5678/webhook/hook1
2025-11-23 20:21:52 - TextFileScanner - ERROR - n8n server returned status 404: {"code":404,"message":"The requested webhook \"POST hook1\" is not registered.","hint":"The workflow must be active for a production URL to run successfully. You can activate the workflow using the toggle in the top-right of the editor. Note that unlike test URL calls, production URL calls aren't shown on the canvas (only in the executions list)","stacktrace":"ResponseError: The requested webhook \"POST hook1\" is not registered.\n    at LiveWebhooks.findWebhook (C:\\Users\\user\\AppData\\Roaming\\npm\\node_modules\\n8n\\src\\webhooks\\live-webhooks.ts:173:10)\n    at LiveWebhooks.executeWebhook (C:\\Users\\user\\AppData\\Roaming\\npm\\node_modules\\n8n\\src\\webhooks\\live-webhooks.ts:83:19)\n    at WebhookRequestHandler.handleRequest (C:\\Users\\user\\AppData\\Roaming\\npm\\node_modules\\n8n\\src\\webhooks\\webhook-request-handler.ts:66:21)\n    at C:\\Users\\user\\AppData\\Roaming\\npm\\node_modules\\n8n\\src\\webhooks\\webhook-request-handler.ts:257:3"}
2025-11-23 20:21:52 - TextFileScanner - INFO - Status: [ERROR] Failed to send to n8n:
n8n server returned status 404: {"code":404,"message":"The requested webhook \"POST hook1\" is not registered.","hint":"The workflow must be active for a production URL to run successfully. You can activate the workflow using the toggle in the top-right of the editor. Note that unlike test URL calls, production URL calls aren't shown on the canvas (only in the executions list)","stacktrace":"ResponseError: The requested webhook \"POST hook1\" is not registered.\n    at LiveWebhooks.findWebhook (C:\\Users\\user\\AppData\\Roaming\\npm\\node_modules\\n8n\\src\\webhooks\\live-webhooks.ts:173:10)\n    at LiveWebhooks.executeWebhook (C:\\Users\\user\\AppData\\Roaming\\npm\\node_modules\\n8n\\src\\webhooks\\live-webhooks.ts:83:19)\n    at WebhookRequestHandler.handleRequest (C:\\Users\\user\\AppData\\Roaming\\npm\\node_modules\\n8n\\src\\webhooks\\webhook-request-handler.ts:66:21)\n    at C:\\Users\\user\\AppData\\Roaming\\npm\\node_modules\\n8n\\src\\webhooks\\webhook-request-handler.ts:257:3"}
2025-11-23 20:22:28 - TextFileScanner - ERROR - Send failed: n8n server returned status 404: {"code":404,"message":"The requested webhook \"POST hook1\" is not registered.","hint":"The workflow must be active for a production URL to run successfully. You can activate the workflow using the toggle in the top-right of the editor. Note that unlike test URL calls, production URL calls aren't shown on the canvas (only in the executions list)","stacktrace":"ResponseError: The requested webhook \"POST hook1\" is not registered.\n    at LiveWebhooks.findWebhook (C:\\Users\\user\\AppData\\Roaming\\npm\\node_modules\\n8n\\src\\webhooks\\live-webhooks.ts:173:10)\n    at LiveWebhooks.executeWebhook (C:\\Users\\user\\AppData\\Roaming\\npm\\node_modules\\n8n\\src\\webhooks\\live-webhooks.ts:83:19)\n    at WebhookRequestHandler.handleRequest (C:\\Users\\user\\AppData\\Roaming\\npm\\node_modules\\n8n\\src\\webhooks\\webhook-request-handler.ts:66:21)\n    at C:\\Users\\user\\AppData\\Roaming\\npm\\node_modules\\n8n\\src\\webhooks\\webhook-request-handler.ts:257:3"}
2025-11-23 20:22:29 - TextFileScanner - INFO - Text File Scanner - Extended closed
2025-11-23 20:22:29 - TextFileScanner - INFO - ==================================================
2025-11-23 20:22:33 - TextFileScanner - INFO - ==================================================
2025-11-23 20:22:33 - TextFileScanner - INFO - Starting Text File Scanner - Extended
2025-11-23 20:22:33 - TextFileScanner - INFO - ==================================================
2025-11-23 20:22:33 - TextFileScanner - INFO - ScannerController initialized
2025-11-23 20:22:33 - TextFileScanner - INFO - Testing n8n connection...
2025-11-23 20:22:33 - TextFileScanner - INFO - Testing connection to http://localhost:5678/webhook-test/hook1
2025-11-23 20:22:33 - TextFileScanner - INFO - n8n connection test passed
2025-11-23 20:22:33 - TextFileScanner - INFO - Application ready
2025-11-23 20:22:35 - TextFileScanner - INFO - User selected file: C:/Users/user/Desktop/n8ntest/test.srt
2025-11-23 20:22:35 - TextFileScanner - INFO - File selected: C:/Users/user/Desktop/n8ntest/test.srt
2025-11-23 20:22:35 - TextFileScanner - INFO - Successfully read file: C:/Users/user/Desktop/n8ntest/test.srt (.srt)
2025-11-23 20:22:35 - TextFileScanner - INFO - Status: File loaded: test.srt
2025-11-23 20:22:36 - TextFileScanner - INFO - Send button clicked
2025-11-23 20:22:36 - TextFileScanner - INFO - Status: Sending to n8n...
2025-11-23 20:22:36 - TextFileScanner - INFO - Sending to n8n: http://localhost:5678/webhook-test/hook1
2025-11-23 20:22:36 - TextFileScanner - ERROR - n8n server returned status 404: {"code":404,"message":"The requested webhook \"hook1\" is not registered.","hint":"Click the 'Execute workflow' button on the canvas, then try again. (In test mode, the webhook only works for one call after you click this button)","stacktrace":"ResponseError: The requested webhook \"hook1\" is not registered.\n    at TestWebhooks.getWebhookMethods (C:\\Users\\user\\AppData\\Roaming\\npm\\node_modules\\n8n\\src\\webhooks\\test-webhooks.ts:232:37)\n    at TestWebhooks.executeWebhook (C:\\Users\\user\\AppData\\Roaming\\npm\\node_modules\\n8n\\src\\webhooks\\test-webhooks.ts:83:22)\n    at WebhookRequestHandler.handleRequest (C:\\Users\\user\\AppData\\Roaming\\npm\\node_modules\\n8n\\src\\webhooks\\webhook-request-handler.ts:66:21)\n    at C:\\Users\\user\\AppData\\Roaming\\npm\\node_modules\\n8n\\src\\webhooks\\webhook-request-handler.ts:257:3"}
2025-11-23 20:22:36 - TextFileScanner - INFO - Status: [ERROR] Failed to send to n8n:
n8n server returned status 404: {"code":404,"message":"The requested webhook \"hook1\" is not registered.","hint":"Click the 'Execute workflow' button on the canvas, then try again. (In test mode, the webhook only works for one call after you click this button)","stacktrace":"ResponseError: The requested webhook \"hook1\" is not registered.\n    at TestWebhooks.getWebhookMethods (C:\\Users\\user\\AppData\\Roaming\\npm\\node_modules\\n8n\\src\\webhooks\\test-webhooks.ts:232:37)\n    at TestWebhooks.executeWebhook (C:\\Users\\user\\AppData\\Roaming\\npm\\node_modules\\n8n\\src\\webhooks\\test-webhooks.ts:83:22)\n    at WebhookRequestHandler.handleRequest (C:\\Users\\user\\AppData\\Roaming\\npm\\node_modules\\n8n\\src\\webhooks\\webhook-request-handler.ts:66:21)\n    at C:\\Users\\user\\AppData\\Roaming\\npm\\node_modules\\n8n\\src\\webhooks\\webhook-request-handler.ts:257:3"}
2025-11-23 20:22:37 - TextFileScanner - ERROR - Send failed: n8n server returned status 404: {"code":404,"message":"The requested webhook \"hook1\" is not registered.","hint":"Click the 'Execute workflow' button on the canvas, then try again. (In test mode, the webhook only works for one call after you click this button)","stacktrace":"ResponseError: The requested webhook \"hook1\" is not registered.\n    at TestWebhooks.getWebhookMethods (C:\\Users\\user\\AppData\\Roaming\\npm\\node_modules\\n8n\\src\\webhooks\\test-webhooks.ts:232:37)\n    at TestWebhooks.executeWebhook (C:\\Users\\user\\AppData\\Roaming\\npm\\node_modules\\n8n\\src\\webhooks\\test-webhooks.ts:83:22)\n    at WebhookRequestHandler.handleRequest (C:\\Users\\user\\AppData\\Roaming\\npm\\node_modules\\n8n\\src\\webhooks\\webhook-request-handler.ts:66:21)\n    at C:\\Users\\user\\AppData\\Roaming\\npm\\node_modules\\n8n\\src\\webhooks\\webhook-request-handler.ts:257:3"}
2025-11-23 20:22:39 - TextFileScanner - INFO - Text File Scanner - Extended closed
2025-11-23 20:22:39 - TextFileScanner - INFO - ==================================================
2025-11-23 20:23:07 - TextFileScanner - INFO - ==================================================
2025-11-23 20:23:07 - TextFileScanner - INFO - Starting Text File Scanner - Extended
2025-11-23 20:23:07 - TextFileScanner - INFO - ==================================================
2025-11-23 20:23:07 - TextFileScanner - INFO - ScannerController initialized
2025-11-23 20:23:07 - TextFileScanner - INFO - Testing n8n connection...
2025-11-23 20:23:07 - TextFileScanner - INFO - Testing connection to http://localhost:5678/webhook-test/hook1
2025-11-23 20:23:07 - TextFileScanner - INFO - n8n connection test passed
2025-11-23 20:23:07 - TextFileScanner - INFO - Application ready
2025-11-23 20:23:10 - TextFileScanner - INFO - User selected file: C:/Users/user/Desktop/n8ntest/test.txt
2025-11-23 20:23:10 - TextFileScanner - INFO - File selected: C:/Users/user/Desktop/n8ntest/test.txt
2025-11-23 20:23:10 - TextFileScanner - INFO - Successfully read file: C:/Users/user/Desktop/n8ntest/test.txt (.txt)
2025-11-23 20:23:10 - TextFileScanner - INFO - Status: File loaded: test.txt
2025-11-23 20:23:11 - TextFileScanner - INFO - Send button clicked
2025-11-23 20:23:11 - TextFileScanner - INFO - Status: Sending to n8n...
2025-11-23 20:23:11 - TextFileScanner - INFO - Sending to n8n: http://localhost:5678/webhook-test/hook1
2025-11-23 20:23:11 - TextFileScanner - ERROR - n8n server returned status 404: {"code":404,"message":"The requested webhook \"hook1\" is not registered.","hint":"Click the 'Execute workflow' button on the canvas, then try again. (In test mode, the webhook only works for one call after you click this button)","stacktrace":"ResponseError: The requested webhook \"hook1\" is not registered.\n    at TestWebhooks.getWebhookMethods (C:\\Users\\user\\AppData\\Roaming\\npm\\node_modules\\n8n\\src\\webhooks\\test-webhooks.ts:232:37)\n    at TestWebhooks.executeWebhook (C:\\Users\\user\\AppData\\Roaming\\npm\\node_modules\\n8n\\src\\webhooks\\test-webhooks.ts:83:22)\n    at WebhookRequestHandler.handleRequest (C:\\Users\\user\\AppData\\Roaming\\npm\\node_modules\\n8n\\src\\webhooks\\webhook-request-handler.ts:66:21)\n    at C:\\Users\\user\\AppData\\Roaming\\npm\\node_modules\\n8n\\src\\webhooks\\webhook-request-handler.ts:257:3"}
2025-11-23 20:23:11 - TextFileScanner - INFO - Status: [ERROR] Failed to send to n8n:
n8n server returned status 404: {"code":404,"message":"The requested webhook \"hook1\" is not registered.","hint":"Click the 'Execute workflow' button on the canvas, then try again. (In test mode, the webhook only works for one call after you click this button)","stacktrace":"ResponseError: The requested webhook \"hook1\" is not registered.\n    at TestWebhooks.getWebhookMethods (C:\\Users\\user\\AppData\\Roaming\\npm\\node_modules\\n8n\\src\\webhooks\\test-webhooks.ts:232:37)\n    at TestWebhooks.executeWebhook (C:\\Users\\user\\AppData\\Roaming\\npm\\node_modules\\n8n\\src\\webhooks\\test-webhooks.ts:83:22)\n    at WebhookRequestHandler.handleRequest (C:\\Users\\user\\AppData\\Roaming\\npm\\node_modules\\n8n\\src\\webhooks\\webhook-request-handler.ts:66:21)\n    at C:\\Users\\user\\AppData\\Roaming\\npm\\node_modules\\n8n\\src\\webhooks\\webhook-request-handler.ts:257:3"}
2025-11-23 20:23:13 - TextFileScanner - ERROR - Send failed: n8n server returned status 404: {"code":404,"message":"The requested webhook \"hook1\" is not registered.","hint":"Click the 'Execute workflow' button on the canvas, then try again. (In test mode, the webhook only works for one call after you click this button)","stacktrace":"ResponseError: The requested webhook \"hook1\" is not registered.\n    at TestWebhooks.getWebhookMethods (C:\\Users\\user\\AppData\\Roaming\\npm\\node_modules\\n8n\\src\\webhooks\\test-webhooks.ts:232:37)\n    at TestWebhooks.executeWebhook (C:\\Users\\user\\AppData\\Roaming\\npm\\node_modules\\n8n\\src\\webhooks\\test-webhooks.ts:83:22)\n    at WebhookRequestHandler.handleRequest (C:\\Users\\user\\AppData\\Roaming\\npm\\node_modules\\n8n\\src\\webhooks\\webhook-request-handler.ts:66:21)\n    at C:\\Users\\user\\AppData\\Roaming\\npm\\node_modules\\n8n\\src\\webhooks\\webhook-request-handler.ts:257:3"}
2025-11-23 20:36:14 - TextFileScanner - INFO - ==================================================
2025-11-23 20:36:14 - TextFileScanner - INFO - Starting Text File Scanner - Extended
2025-11-23 20:36:14 - TextFileScanner - INFO - ==================================================
2025-11-23 20:36:14 - TextFileScanner - INFO - ScannerController initialized
2025-11-23 20:36:14 - TextFileScanner - INFO - Testing n8n connection...
2025-11-23 20:36:14 - TextFileScanner - INFO - Testing connection to http://localhost:5678/webhook-test/hook1
2025-11-23 20:36:14 - TextFileScanner - INFO - n8n connection test passed
2025-11-23 20:36:14 - TextFileScanner - INFO - Application ready
2025-11-23 20:36:17 - TextFileScanner - INFO - User selected file: C:/Users/user/Desktop/n8ntest/test.txt
2025-11-23 20:36:17 - TextFileScanner - INFO - File selected: C:/Users/user/Desktop/n8ntest/test.txt
2025-11-23 20:36:17 - TextFileScanner - INFO - Successfully read file: C:/Users/user/Desktop/n8ntest/test.txt (.txt)
2025-11-23 20:36:17 - TextFileScanner - INFO - Status: File loaded: test.txt
2025-11-23 20:36:19 - TextFileScanner - INFO - Send button clicked
2025-11-23 20:36:19 - TextFileScanner - INFO - Status: Sending to n8n...
2025-11-23 20:36:19 - TextFileScanner - INFO - Sending to n8n: http://localhost:5678/webhook-test/hook1
2025-11-23 20:36:19 - TextFileScanner - ERROR - n8n server returned status 404: {"code":404,"message":"The requested webhook \"hook1\" is not registered.","hint":"Click the 'Execute workflow' button on the canvas, then try again. (In test mode, the webhook only works for one call after you click this button)","stacktrace":"ResponseError: The requested webhook \"hook1\" is not registered.\n    at TestWebhooks.getWebhookMethods (C:\\Users\\user\\AppData\\Roaming\\npm\\node_modules\\n8n\\src\\webhooks\\test-webhooks.ts:232:37)\n    at TestWebhooks.executeWebhook (C:\\Users\\user\\AppData\\Roaming\\npm\\node_modules\\n8n\\src\\webhooks\\test-webhooks.ts:83:22)\n    at WebhookRequestHandler.handleRequest (C:\\Users\\user\\AppData\\Roaming\\npm\\node_modules\\n8n\\src\\webhooks\\webhook-request-handler.ts:66:21)\n    at C:\\Users\\user\\AppData\\Roaming\\npm\\node_modules\\n8n\\src\\webhooks\\webhook-request-handler.ts:257:3"}
2025-11-23 20:36:19 - TextFileScanner - INFO - Status: [ERROR] Failed to send to n8n:
n8n server returned status 404: {"code":404,"message":"The requested webhook \"hook1\" is not registered.","hint":"Click the 'Execute workflow' button on the canvas, then try again. (In test mode, the webhook only works for one call after you click this button)","stacktrace":"ResponseError: The requested webhook \"hook1\" is not registered.\n    at TestWebhooks.getWebhookMethods (C:\\Users\\user\\AppData\\Roaming\\npm\\node_modules\\n8n\\src\\webhooks\\test-webhooks.ts:232:37)\n    at TestWebhooks.executeWebhook (C:\\Users\\user\\AppData\\Roaming\\npm\\node_modules\\n8n\\src\\webhooks\\test-webhooks.ts:83:22)\n    at WebhookRequestHandler.handleRequest (C:\\Users\\user\\AppData\\Roaming\\npm\\node_modules\\n8n\\src\\webhooks\\webhook-request-handler.ts:66:21)\n    at C:\\Users\\user\\AppData\\Roaming\\npm\\node_modules\\n8n\\src\\webhooks\\webhook-request-handler.ts:257:3"}
2025-11-23 20:36:20 - TextFileScanner - ERROR - Send failed: n8n server returned status 404: {"code":404,"message":"The requested webhook \"hook1\" is not registered.","hint":"Click the 'Execute workflow' button on the canvas, then try again. (In test mode, the webhook only works for one call after you click this button)","stacktrace":"ResponseError: The requested webhook \"hook1\" is not registered.\n    at TestWebhooks.getWebhookMethods (C:\\Users\\user\\AppData\\Roaming\\npm\\node_modules\\n8n\\src\\webhooks\\test-webhooks.ts:232:37)\n    at TestWebhooks.executeWebhook (C:\\Users\\user\\AppData\\Roaming\\npm\\node_modules\\n8n\\src\\webhooks\\test-webhooks.ts:83:22)\n    at WebhookRequestHandler.handleRequest (C:\\Users\\user\\AppData\\Roaming\\npm\\node_modules\\n8n\\src\\webhooks\\webhook-request-handler.ts:66:21)\n    at C:\\Users\\user\\AppData\\Roaming\\npm\\node_modules\\n8n\\src\\webhooks\\webhook-request-handler.ts:257:3"}
2025-11-23 20:36:22 - TextFileScanner - INFO - Send button clicked
2025-11-23 20:36:22 - TextFileScanner - INFO - Status: Sending to n8n...
2025-11-23 20:36:22 - TextFileScanner - INFO - Sending to n8n: http://localhost:5678/webhook-test/hook1
2025-11-23 20:36:22 - TextFileScanner - ERROR - n8n server returned status 404: {"code":404,"message":"The requested webhook \"hook1\" is not registered.","hint":"Click the 'Execute workflow' button on the canvas, then try again. (In test mode, the webhook only works for one call after you click this button)","stacktrace":"ResponseError: The requested webhook \"hook1\" is not registered.\n    at TestWebhooks.getWebhookMethods (C:\\Users\\user\\AppData\\Roaming\\npm\\node_modules\\n8n\\src\\webhooks\\test-webhooks.ts:232:37)\n    at TestWebhooks.executeWebhook (C:\\Users\\user\\AppData\\Roaming\\npm\\node_modules\\n8n\\src\\webhooks\\test-webhooks.ts:83:22)\n    at WebhookRequestHandler.handleRequest (C:\\Users\\user\\AppData\\Roaming\\npm\\node_modules\\n8n\\src\\webhooks\\webhook-request-handler.ts:66:21)\n    at C:\\Users\\user\\AppData\\Roaming\\npm\\node_modules\\n8n\\src\\webhooks\\webhook-request-handler.ts:257:3"}
2025-11-23 20:36:22 - TextFileScanner - INFO - Status: [ERROR] Failed to send to n8n:
n8n server returned status 404: {"code":404,"message":"The requested webhook \"hook1\" is not registered.","hint":"Click the 'Execute workflow' button on the canvas, then try again. (In test mode, the webhook only works for one call after you click this button)","stacktrace":"ResponseError: The requested webhook \"hook1\" is not registered.\n    at TestWebhooks.getWebhookMethods (C:\\Users\\user\\AppData\\Roaming\\npm\\node_modules\\n8n\\src\\webhooks\\test-webhooks.ts:232:37)\n    at TestWebhooks.executeWebhook (C:\\Users\\user\\AppData\\Roaming\\npm\\node_modules\\n8n\\src\\webhooks\\test-webhooks.ts:83:22)\n    at WebhookRequestHandler.handleRequest (C:\\Users\\user\\AppData\\Roaming\\npm\\node_modules\\n8n\\src\\webhooks\\webhook-request-handler.ts:66:21)\n    at C:\\Users\\user\\AppData\\Roaming\\npm\\node_modules\\n8n\\src\\webhooks\\webhook-request-handler.ts:257:3"}
2025-11-23 20:36:26 - TextFileScanner - ERROR - Send failed: n8n server returned status 404: {"code":404,"message":"The requested webhook \"hook1\" is not registered.","hint":"Click the 'Execute workflow' button on the canvas, then try again. (In test mode, the webhook only works for one call after you click this button)","stacktrace":"ResponseError: The requested webhook \"hook1\" is not registered.\n    at TestWebhooks.getWebhookMethods (C:\\Users\\user\\AppData\\Roaming\\npm\\node_modules\\n8n\\src\\webhooks\\test-webhooks.ts:232:37)\n    at TestWebhooks.executeWebhook (C:\\Users\\user\\AppData\\Roaming\\npm\\node_modules\\n8n\\src\\webhooks\\test-webhooks.ts:83:22)\n    at WebhookRequestHandler.handleRequest (C:\\Users\\user\\AppData\\Roaming\\npm\\node_modules\\n8n\\src\\webhooks\\webhook-request-handler.ts:66:21)\n    at C:\\Users\\user\\AppData\\Roaming\\npm\\node_modules\\n8n\\src\\webhooks\\webhook-request-handler.ts:257:3"}
2025-11-23 20:36:28 - TextFileScanner - INFO - Send button clicked
2025-11-23 20:36:28 - TextFileScanner - INFO - Status: Sending to n8n...
2025-11-23 20:36:28 - TextFileScanner - INFO - Sending to n8n: http://localhost:5678/webhook-test/hook1
2025-11-23 20:36:28 - TextFileScanner - INFO - Successfully sent to n8n (Status: 200)
2025-11-23 20:36:28 - TextFileScanner - INFO - Status: [OK] Successfully sent 'test.txt' to n8n!
2025-11-23 20:36:31 - TextFileScanner - INFO - Status: Ready
2025-11-23 20:36:31 - TextFileScanner - INFO - File successfully sent to n8n
2025-11-23 21:55:23 - TextFileScanner - INFO - Send button clicked
2025-11-23 21:55:23 - TextFileScanner - INFO - Status: Sending to n8n...
2025-11-23 21:55:23 - TextFileScanner - INFO - Sending to n8n: http://localhost:5678/webhook-test/hook1
2025-11-23 21:55:23 - TextFileScanner - INFO - Successfully sent to n8n (Status: 200)
2025-11-23 21:55:23 - TextFileScanner - INFO - Status: [OK] Successfully sent 'test.txt' to n8n!
2025-11-23 21:55:24 - TextFileScanner - INFO - Status: Ready
2025-11-23 21:55:24 - TextFileScanner - INFO - File successfully sent to n8n
2025-11-23 22:05:14 - TextFileScanner - INFO - Send button clicked
2025-11-23 22:05:14 - TextFileScanner - INFO - Status: Sending to n8n...
2025-11-23 22:05:14 - TextFileScanner - INFO - Sending to n8n: http://localhost:5678/webhook-test/hook1
2025-11-23 22:05:14 - TextFileScanner - INFO - Successfully sent to n8n (Status: 200)
2025-11-23 22:05:14 - TextFileScanner - INFO - Status: [OK] Successfully sent 'test.txt' to n8n!
2025-11-23 22:05:15 - TextFileScanner - INFO - Status: Ready
2025-11-23 22:05:15 - TextFileScanner - INFO - File successfully sent to n8n
2025-11-25 22:17:17 - TextFileScanner - INFO - ==================================================
2025-11-25 22:17:17 - TextFileScanner - INFO - Starting Text File Scanner - Extended
2025-11-25 22:17:17 - TextFileScanner - INFO - ==================================================
2025-11-25 22:17:17 - TextFileScanner - INFO - ScannerController initialized
2025-11-25 22:17:17 - TextFileScanner - INFO - Testing n8n connection...
2025-11-25 22:17:17 - TextFileScanner - INFO - Testing connection to http://localhost:5678/webhook-test/hook1
2025-11-25 22:17:17 - TextFileScanner - INFO - n8n connection test passed
2025-11-25 22:17:17 - TextFileScanner - INFO - Application ready
2025-11-25 22:17:22 - TextFileScanner - INFO - User selected file: C:/Users/user/Desktop/n8ntest/test.txt
2025-11-25 22:17:22 - TextFileScanner - INFO - File selected: C:/Users/user/Desktop/n8ntest/test.txt
2025-11-25 22:17:22 - TextFileScanner - INFO - Successfully read file: C:/Users/user/Desktop/n8ntest/test.txt (.txt)
2025-11-25 22:17:22 - TextFileScanner - INFO - Status: File loaded: test.txt
2025-11-25 22:17:48 - TextFileScanner - INFO - Send button clicked
2025-11-25 22:17:48 - TextFileScanner - INFO - Status: Sending to n8n...
2025-11-25 22:17:48 - TextFileScanner - INFO - Sending to n8n: http://localhost:5678/webhook-test/hook1
2025-11-25 22:17:48 - TextFileScanner - INFO - Successfully sent to n8n (Status: 200)
2025-11-25 22:17:48 - TextFileScanner - INFO - Status: [OK] Successfully sent 'test.txt' to n8n!
2025-11-25 22:17:49 - TextFileScanner - INFO - Status: Ready
2025-11-25 22:17:49 - TextFileScanner - INFO - File successfully sent to n8n
2025-11-26 19:43:24 - TextFileScanner - INFO - ==================================================
2025-11-26 19:43:24 - TextFileScanner - INFO - Starting Text File Scanner - Extended
2025-11-26 19:43:24 - TextFileScanner - INFO - ==================================================
2025-11-26 19:43:24 - TextFileScanner - INFO - ScannerController initialized
2025-11-26 19:43:24 - TextFileScanner - INFO - Testing n8n connection...
2025-11-26 19:43:24 - TextFileScanner - INFO - Testing connection to http://localhost:5678/webhook-test/hook1
2025-11-26 19:43:24 - TextFileScanner - INFO - n8n connection test passed
2025-11-26 19:43:24 - TextFileScanner - INFO - Application ready
2025-11-26 19:43:32 - TextFileScanner - INFO - User selected file: G:/Download/Opera - Ameliorated/2025/June/casualNetyahu.srt
2025-11-26 19:43:32 - TextFileScanner - INFO - File selected: G:/Download/Opera - Ameliorated/2025/June/casualNetyahu.srt
2025-11-26 19:43:32 - TextFileScanner - INFO - Successfully read file: G:/Download/Opera - Ameliorated/2025/June/casualNetyahu.srt (.srt)
2025-11-26 19:43:32 - TextFileScanner - INFO - Status: File loaded: casualNetyahu.srt
2025-11-26 19:43:46 - TextFileScanner - INFO - Send button clicked
2025-11-26 19:43:46 - TextFileScanner - INFO - Status: Sending to n8n...
2025-11-26 19:43:46 - TextFileScanner - INFO - Sending to n8n: http://localhost:5678/webhook-test/hook1
2025-11-26 19:43:46 - TextFileScanner - INFO - Successfully sent to n8n (Status: 200)
2025-11-26 19:43:46 - TextFileScanner - INFO - Status: [OK] Successfully sent 'casualNetyahu.srt' to n8n!
2025-11-26 19:44:10 - TextFileScanner - INFO - Status: Ready
2025-11-26 19:44:10 - TextFileScanner - INFO - File successfully sent to n8n
2025-11-26 19:44:11 - TextFileScanner - INFO - Send button clicked
2025-11-26 19:44:11 - TextFileScanner - INFO - Status: Sending to n8n...
2025-11-26 19:44:11 - TextFileScanner - INFO - Sending to n8n: http://localhost:5678/webhook-test/hook1
2025-11-26 19:44:11 - TextFileScanner - INFO - Successfully sent to n8n (Status: 200)
2025-11-26 19:44:11 - TextFileScanner - INFO - Status: [OK] Successfully sent 'casualNetyahu.srt' to n8n!
2025-11-26 19:44:19 - TextFileScanner - INFO - Status: Ready
2025-11-26 19:44:19 - TextFileScanner - INFO - File successfully sent to n8n
2025-11-26 19:44:44 - TextFileScanner - INFO - Send button clicked
2025-11-26 19:44:44 - TextFileScanner - INFO - Status: Sending to n8n...
2025-11-26 19:44:44 - TextFileScanner - INFO - Sending to n8n: http://localhost:5678/webhook-test/hook1
2025-11-26 19:44:44 - TextFileScanner - ERROR - n8n server returned status 404: {"code":404,"message":"The requested webhook \"hook1\" is not registered.","hint":"Click the 'Execute workflow' button on the canvas, then try again. (In test mode, the webhook only works for one call after you click this button)","stacktrace":"ResponseError: The requested webhook \"hook1\" is not registered.\n    at TestWebhooks.getWebhookMethods (C:\\Users\\user\\AppData\\Roaming\\npm\\node_modules\\n8n\\src\\webhooks\\test-webhooks.ts:232:37)\n    at TestWebhooks.executeWebhook (C:\\Users\\user\\AppData\\Roaming\\npm\\node_modules\\n8n\\src\\webhooks\\test-webhooks.ts:83:22)\n    at WebhookRequestHandler.handleRequest (C:\\Users\\user\\AppData\\Roaming\\npm\\node_modules\\n8n\\src\\webhooks\\webhook-request-handler.ts:66:21)\n    at C:\\Users\\user\\AppData\\Roaming\\npm\\node_modules\\n8n\\src\\webhooks\\webhook-request-handler.ts:257:3"}
2025-11-26 19:44:44 - TextFileScanner - INFO - Status: [ERROR] Failed to send to n8n:
n8n server returned status 404: {"code":404,"message":"The requested webhook \"hook1\" is not registered.","hint":"Click the 'Execute workflow' button on the canvas, then try again. (In test mode, the webhook only works for one call after you click this button)","stacktrace":"ResponseError: The requested webhook \"hook1\" is not registered.\n    at TestWebhooks.getWebhookMethods (C:\\Users\\user\\AppData\\Roaming\\npm\\node_modules\\n8n\\src\\webhooks\\test-webhooks.ts:232:37)\n    at TestWebhooks.executeWebhook (C:\\Users\\user\\AppData\\Roaming\\npm\\node_modules\\n8n\\src\\webhooks\\test-webhooks.ts:83:22)\n    at WebhookRequestHandler.handleRequest (C:\\Users\\user\\AppData\\Roaming\\npm\\node_modules\\n8n\\src\\webhooks\\webhook-request-handler.ts:66:21)\n    at C:\\Users\\user\\AppData\\Roaming\\npm\\node_modules\\n8n\\src\\webhooks\\webhook-request-handler.ts:257:3"}
2025-11-26 19:44:46 - TextFileScanner - ERROR - Send failed: n8n server returned status 404: {"code":404,"message":"The requested webhook \"hook1\" is not registered.","hint":"Click the 'Execute workflow' button on the canvas, then try again. (In test mode, the webhook only works for one call after you click this button)","stacktrace":"ResponseError: The requested webhook \"hook1\" is not registered.\n    at TestWebhooks.getWebhookMethods (C:\\Users\\user\\AppData\\Roaming\\npm\\node_modules\\n8n\\src\\webhooks\\test-webhooks.ts:232:37)\n    at TestWebhooks.executeWebhook (C:\\Users\\user\\AppData\\Roaming\\npm\\node_modules\\n8n\\src\\webhooks\\test-webhooks.ts:83:22)\n    at WebhookRequestHandler.handleRequest (C:\\Users\\user\\AppData\\Roaming\\npm\\node_modules\\n8n\\src\\webhooks\\webhook-request-handler.ts:66:21)\n    at C:\\Users\\user\\AppData\\Roaming\\npm\\node_modules\\n8n\\src\\webhooks\\webhook-request-handler.ts:257:3"}
2025-11-26 21:08:41 - TextFileScanner - INFO - Send button clicked
2025-11-26 21:08:41 - TextFileScanner - INFO - Status: Sending to n8n...
2025-11-26 21:08:41 - TextFileScanner - INFO - Sending to n8n: http://localhost:5678/webhook-test/hook1
2025-11-26 21:08:41 - TextFileScanner - INFO - Successfully sent to n8n (Status: 200)
2025-11-26 21:08:41 - TextFileScanner - INFO - Status: [OK] Successfully sent 'casualNetyahu.srt' to n8n!
2025-11-26 21:10:56 - TextFileScanner - INFO - Status: Ready
2025-11-26 21:10:56 - TextFileScanner - INFO - File successfully sent to n8n
2025-11-26 21:11:07 - TextFileScanner - INFO - User selected file: C:/Users/user/Desktop/n8ntest/test.txt
2025-11-26 21:11:07 - TextFileScanner - INFO - File selected: C:/Users/user/Desktop/n8ntest/test.txt
2025-11-26 21:11:07 - TextFileScanner - INFO - Successfully read file: C:/Users/user/Desktop/n8ntest/test.txt (.txt)
2025-11-26 21:11:07 - TextFileScanner - INFO - Status: File loaded: test.txt
2025-11-26 21:11:08 - TextFileScanner - INFO - Send button clicked
2025-11-26 21:11:08 - TextFileScanner - INFO - Status: Sending to n8n...
2025-11-26 21:11:08 - TextFileScanner - INFO - Sending to n8n: http://localhost:5678/webhook-test/hook1
2025-11-26 21:11:08 - TextFileScanner - ERROR - n8n server returned status 404: {"code":404,"message":"The requested webhook \"hook1\" is not registered.","hint":"Click the 'Execute workflow' button on the canvas, then try again. (In test mode, the webhook only works for one call after you click this button)","stacktrace":"ResponseError: The requested webhook \"hook1\" is not registered.\n    at TestWebhooks.getWebhookMethods (C:\\Users\\user\\AppData\\Roaming\\npm\\node_modules\\n8n\\src\\webhooks\\test-webhooks.ts:232:37)\n    at TestWebhooks.executeWebhook (C:\\Users\\user\\AppData\\Roaming\\npm\\node_modules\\n8n\\src\\webhooks\\test-webhooks.ts:83:22)\n    at WebhookRequestHandler.handleRequest (C:\\Users\\user\\AppData\\Roaming\\npm\\node_modules\\n8n\\src\\webhooks\\webhook-request-handler.ts:66:21)\n    at C:\\Users\\user\\AppData\\Roaming\\npm\\node_modules\\n8n\\src\\webhooks\\webhook-request-handler.ts:257:3"}
2025-11-26 21:11:08 - TextFileScanner - INFO - Status: [ERROR] Failed to send to n8n:
n8n server returned status 404: {"code":404,"message":"The requested webhook \"hook1\" is not registered.","hint":"Click the 'Execute workflow' button on the canvas, then try again. (In test mode, the webhook only works for one call after you click this button)","stacktrace":"ResponseError: The requested webhook \"hook1\" is not registered.\n    at TestWebhooks.getWebhookMethods (C:\\Users\\user\\AppData\\Roaming\\npm\\node_modules\\n8n\\src\\webhooks\\test-webhooks.ts:232:37)\n    at TestWebhooks.executeWebhook (C:\\Users\\user\\AppData\\Roaming\\npm\\node_modules\\n8n\\src\\webhooks\\test-webhooks.ts:83:22)\n    at WebhookRequestHandler.handleRequest (C:\\Users\\user\\AppData\\Roaming\\npm\\node_modules\\n8n\\src\\webhooks\\webhook-request-handler.ts:66:21)\n    at C:\\Users\\user\\AppData\\Roaming\\npm\\node_modules\\n8n\\src\\webhooks\\webhook-request-handler.ts:257:3"}
2025-11-26 21:11:10 - TextFileScanner - ERROR - Send failed: n8n server returned status 404: {"code":404,"message":"The requested webhook \"hook1\" is not registered.","hint":"Click the 'Execute workflow' button on the canvas, then try again. (In test mode, the webhook only works for one call after you click this button)","stacktrace":"ResponseError: The requested webhook \"hook1\" is not registered.\n    at TestWebhooks.getWebhookMethods (C:\\Users\\user\\AppData\\Roaming\\npm\\node_modules\\n8n\\src\\webhooks\\test-webhooks.ts:232:37)\n    at TestWebhooks.executeWebhook (C:\\Users\\user\\AppData\\Roaming\\npm\\node_modules\\n8n\\src\\webhooks\\test-webhooks.ts:83:22)\n    at WebhookRequestHandler.handleRequest (C:\\Users\\user\\AppData\\Roaming\\npm\\node_modules\\n8n\\src\\webhooks\\webhook-request-handler.ts:66:21)\n    at C:\\Users\\user\\AppData\\Roaming\\npm\\node_modules\\n8n\\src\\webhooks\\webhook-request-handler.ts:257:3"}
2025-11-26 21:13:11 - TextFileScanner - INFO - Send button clicked
2025-11-26 21:13:11 - TextFileScanner - INFO - Status: Sending to n8n...
2025-11-26 21:13:11 - TextFileScanner - INFO - Sending to n8n: http://localhost:5678/webhook-test/hook1
2025-11-26 21:13:11 - TextFileScanner - INFO - Successfully sent to n8n (Status: 200)
2025-11-26 21:13:11 - TextFileScanner - INFO - Status: [OK] Successfully sent 'test.txt' to n8n!
2025-11-26 21:13:12 - TextFileScanner - INFO - Status: Ready
2025-11-26 21:13:12 - TextFileScanner - INFO - File successfully sent to n8n
2025-11-26 21:21:18 - TextFileScanner - INFO - Send button clicked
2025-11-26 21:21:18 - TextFileScanner - INFO - Status: Sending to n8n...
2025-11-26 21:21:18 - TextFileScanner - INFO - Sending to n8n: http://localhost:5678/webhook-test/hook1
2025-11-26 21:21:18 - TextFileScanner - INFO - Successfully sent to n8n (Status: 200)
2025-11-26 21:21:18 - TextFileScanner - INFO - Status: [OK] Successfully sent 'test.txt' to n8n!
2025-11-26 21:21:20 - TextFileScanner - INFO - Status: Ready
2025-11-26 21:21:20 - TextFileScanner - INFO - File successfully sent to n8n
2025-11-26 21:35:18 - TextFileScanner - INFO - Send button clicked
2025-11-26 21:35:18 - TextFileScanner - INFO - Status: Sending to n8n...
2025-11-26 21:35:18 - TextFileScanner - INFO - Sending to n8n: http://localhost:5678/webhook-test/hook1
2025-11-26 21:35:18 - TextFileScanner - INFO - Successfully sent to n8n (Status: 200)
2025-11-26 21:35:18 - TextFileScanner - INFO - Status: [OK] Successfully sent 'test.txt' to n8n!
2025-11-27 18:00:31 - TextFileScanner - INFO - ==================================================
2025-11-27 18:00:31 - TextFileScanner - INFO - Starting Text File Scanner - Extended
2025-11-27 18:00:31 - TextFileScanner - INFO - ==================================================
2025-11-27 18:00:31 - TextFileScanner - INFO - ScannerController initialized
2025-11-27 18:00:31 - TextFileScanner - INFO - Testing n8n connection...
2025-11-27 18:00:31 - TextFileScanner - INFO - Testing connection to http://localhost:5678/webhook-test/hook1
2025-11-27 18:00:31 - TextFileScanner - INFO - n8n connection test passed
2025-11-27 18:00:31 - TextFileScanner - INFO - Application ready
2025-11-27 18:00:34 - TextFileScanner - INFO - User selected file: C:/Users/user/Desktop/n8ntest/test.txt
2025-11-27 18:00:34 - TextFileScanner - INFO - File selected: C:/Users/user/Desktop/n8ntest/test.txt
2025-11-27 18:00:34 - TextFileScanner - INFO - Successfully read file: C:/Users/user/Desktop/n8ntest/test.txt (.txt)
2025-11-27 18:00:34 - TextFileScanner - INFO - Status: File loaded: test.txt
2025-11-27 18:00:39 - TextFileScanner - INFO - Send button clicked
2025-11-27 18:00:39 - TextFileScanner - INFO - Status: Sending to n8n...
2025-11-27 18:00:39 - TextFileScanner - INFO - Sending to n8n: http://localhost:5678/webhook-test/hook1
2025-11-27 18:00:39 - TextFileScanner - INFO - Successfully sent to n8n (Status: 200)
2025-11-27 18:00:39 - TextFileScanner - INFO - Status: [OK] Successfully sent 'test.txt' to n8n!
2025-11-27 18:00:41 - TextFileScanner - INFO - Status: Ready
2025-11-27 18:00:41 - TextFileScanner - INFO - File successfully sent to n8n
